Using pre-set license

 COMMAND LINE ARGUMENTS:
/Applications/Unity/Hub/Editor/2020.3.11f1/Unity.app/Contents/MacOS/Unity
-adb2
-batchMode
-noUpm
-name
AssetImportWorker0
-projectPath
/Users/seungjaehan/Desktop/Project/OpenWorld/OpenWorld
-logFile
Logs/AssetImportWorker0.log
-srvPort
49623
Successfully changed project path to: /Users/seungjaehan/Desktop/Project/OpenWorld/OpenWorld
/Users/seungjaehan/Desktop/Project/OpenWorld/OpenWorld
Using Asset Import Pipeline V2.
Refreshing native plugins compatible for Editor in 490.41 ms, found 2 plugins.
Preloading 0 native plugins for Editor in 0.00 ms.
Initialize engine version: 2020.3.11f1 (99c7afb366b3)
[Subsystems] Discovering subsystems at path /Applications/Unity/Hub/Editor/2020.3.11f1/Unity.app/Contents/Resources/UnitySubsystems
[Subsystems] Discovering subsystems at path /Users/seungjaehan/Desktop/Project/OpenWorld/OpenWorld/Assets
GfxDevice: creating device client; threaded=0
2021-09-02 00:29:30.418 Unity[1379:11331] Color LCD preferred device: Intel(R) Iris(TM) Graphics 6100 (low power)
2021-09-02 00:29:30.418 Unity[1379:11331] Metal devices available: 1
2021-09-02 00:29:30.418 Unity[1379:11331] 0: Intel(R) Iris(TM) Graphics 6100 (low power)
2021-09-02 00:29:30.419 Unity[1379:11331] Using device Intel(R) Iris(TM) Graphics 6100 (low power)
Initializing Metal device caps: Intel(R) Iris(TM) Graphics 6100
Initialize mono
Mono path[0] = '/Applications/Unity/Hub/Editor/2020.3.11f1/Unity.app/Contents/Managed'
Mono path[1] = '/Applications/Unity/Hub/Editor/2020.3.11f1/Unity.app/Contents/MonoBleedingEdge/lib/mono/unityjit'
Mono config path = '/Applications/Unity/Hub/Editor/2020.3.11f1/Unity.app/Contents/MonoBleedingEdge/etc'
Using monoOptions --debugger-agent=transport=dt_socket,embedding=1,server=y,suspend=n,address=127.0.0.1:56379
Begin MonoManager ReloadAssembly
Registering precompiled unity dll's ...
Register platform support module: /Applications/Unity/Hub/Editor/2020.3.11f1/Unity.app/Contents/PlaybackEngines/MacStandaloneSupport/UnityEditor.OSXStandalone.Extensions.dll
Register platform support module: /Applications/Unity/Hub/Editor/2020.3.11f1/PlaybackEngines/WindowsStandaloneSupport/UnityEditor.WindowsStandalone.Extensions.dll
Registered in 0.002606 seconds.
Native extension for WindowsStandalone target not found
Native extension for OSXStandalone target not found
Refreshing native plugins compatible for Editor in 279.35 ms, found 2 plugins.
Preloading 0 native plugins for Editor in 0.00 ms.
Mono: successfully reloaded assembly
- Completed reload, in 20.936 seconds
Platform modules already initialized, skipping
Registering precompiled user dll's ...
Registered in 0.012519 seconds.
Begin MonoManager ReloadAssembly
